<?xml version="1.0" encoding="UTF-8"?>
<!-- Generated by org.testng.reporters.JUnitXMLReporter -->
<testsuite hostname="DESKTOP-5OSSNT7" ignored="0" name="My Test" tests="32" failures="0" timestamp="2022-11-07T22:45:25 IST" time="529.918" errors="0">
  <testcase name="passwordNameValidation" time="3.294" classname="testcases.ManageDeliveryBoyPage"/>
  <testcase name="passwordToolTipValidation" time="6.27" classname="testcases.ManageDeliveryBoyPage"/>
  <testcase name="searchnameVallidation" time="4.76" classname="testcases.ManageDeliveryBoyPage"/>
  <testcase name="verifyingResetButtonColor" time="54.904" classname="testcases.ManageDeliveryBoyPage"/>
  <testcase name="excelverifyLoggedUsers" time="4.033" classname="testcases.LoginTestCase"/>
  <testcase name="verifyCheckBox" time="0.043" classname="testcases.LoginTestCase"/>
  <testcase name="verifyLoggedUsers" time="1.68" classname="testcases.LoginTestCase"/>
  <testcase name="colorverification" time="2.746" classname="testcases.DashBoardTestCases"/>
  <testcase name="profNameVerrification" time="4.848" classname="testcases.DashBoardTestCases"/>
  <testcase name="imageHandling" time="41.784" classname="testcases.ManageExpensePage"/>
  <testcase name="manageNewButtonTextCheck" time="9.119" classname="testcases.ManageExpensePage"/>
  <testcase name="manageResetButtonColorCheck" time="1.969" classname="testcases.ManageExpensePage"/>
  <testcase name="amountVerrification" time="2.185" classname="testcases.ManageLocationPage"/>
  <testcase name="manageState" time="4.034" classname="testcases.ManageLocationPage"/>
  <testcase name="manageStatusVerrification" time="1.766" classname="testcases.ManageLocationPage"/>
  <testcase name="managelistTittleVerrification" time="2.175" classname="testcases.ManageLocationPage"/>
  <testcase name="imageVerrification" time="8.402" classname="testcases.ManageMobileSilder"/>
  <testcase name="statusVerification" time="2.147" classname="testcases.ManageMobileSilder"/>
  <testcase name="textVerification" time="3.067" classname="testcases.ManageMobileSilder"/>
  <testcase name="wrongImageVerrification" time="7.663" classname="testcases.ManageMobileSilder"/>
  <testcase name="chkElementsStatus" time="3.357" classname="testcases.ManageordersPage"/>
  <testcase name="chkElementsStatus" time="3.46" classname="testcases.ManageordersPage"/>
  <testcase name="listcompare" time="2.612" classname="testcases.ManageordersPage"/>
  <testcase name="listsortingchecking" time="3.351" classname="testcases.ManageordersPage"/>
  <testcase name="manageresetcolorVerrification" time="3.125" classname="testcases.ManageordersPage"/>
  <testcase name="payamentSelection" time="4.905" classname="testcases.ManageordersPage"/>
  <testcase name="manageBgcolorVerrification" time="4.858" classname="testcases.ManagePushNotificationPage"/>
  <testcase name="manageptittleVerrifiction" time="5.125" classname="testcases.ManagePushNotificationPage"/>
  <testcase name="pTextVerrification" time="8.272" classname="testcases.ManagePushNotificationPage"/>
  <testcase name="pnotificationmsgverrification" time="10.738" classname="testcases.ManagePushNotificationPage"/>
  <testcase name="testexcelmessageVerrification" time="20.098" classname="testcases.ManagePushNotificationPage"/>
  <testcase name="titleVerrification" time="5.136" classname="testcases.ManagePushNotificationPage"/>
</testsuite> <!-- My Test -->
