<?xml version="1.0" encoding="UTF-8"?>
<!-- Generated by org.testng.reporters.JUnitXMLReporter -->
<testsuite hostname="DESKTOP-5OSSNT7" ignored="0" name="RetryMulitple" tests="7" failures="1" timestamp="2022-11-12T22:51:34 GMT-09:00" time="66.173" errors="0">
  <testcase name="excelverifyLoggedUsers" time="2.909" classname="testcases.LoginTestCase">
    <skipped/>
  </testcase> <!-- excelverifyLoggedUsers -->
  <testcase name="excelverifyLoggedUsers" time="1.72" classname="testcases.LoginTestCase">
    <skipped/>
  </testcase> <!-- excelverifyLoggedUsers -->
  <testcase name="excelverifyLoggedUsers" time="1.259" classname="testcases.LoginTestCase">
    <skipped/>
  </testcase> <!-- excelverifyLoggedUsers -->
  <testcase name="excelverifyLoggedUsers" time="1.621" classname="testcases.LoginTestCase">
    <skipped/>
  </testcase> <!-- excelverifyLoggedUsers -->
  <testcase name="excelverifyLoggedUsers" time="1.257" classname="testcases.LoginTestCase">
    <failure type="java.lang.AssertionError" message="title is not matching expected [Admin] but found [Admin2]">
      <![CDATA[java.lang.AssertionError: title is not matching expected [Admin] but found [Admin2]
at testcases.LoginTestCase.excelverifyLoggedUsers(LoginTestCase.java:62)
at java.util.ArrayList.forEach(ArrayList.java:1257)
... Removed 32 stack frames]]>
    </failure>
  </testcase> <!-- excelverifyLoggedUsers -->
  <testcase name="verifyCheckBox" time="0.052" classname="testcases.LoginTestCase"/>
  <testcase name="verifyLoggedUsers" time="1.266" classname="testcases.LoginTestCase"/>
</testsuite> <!-- RetryMulitple -->
