<?xml version="1.0" encoding="UTF-8"?>
<!-- Generated by org.testng.reporters.JUnitXMLReporter -->
<testsuite hostname="QB-TP3-2221" ignored="4" name="ChromeTest" tests="2" failures="0" timestamp="2022-11-13T22:13:04 IST" time="31.039" errors="0">
  <testcase name="chkElementsStatus" time="1.541" classname="testcases.ManageordersPage"/>
  <testcase name="chkElementsStatus" time="1.662" classname="testcases.ManageordersPage"/>
  <testcase name="manageresetcolorVerrification" time="0.0" classname="testcases.ManageordersPage">
    <ignored/>
  </testcase> <!-- manageresetcolorVerrification -->
  <testcase name="listsortingchecking" time="0.0" classname="testcases.ManageordersPage">
    <ignored/>
  </testcase> <!-- listsortingchecking -->
  <testcase name="payamentSelection" time="0.0" classname="testcases.ManageordersPage">
    <ignored/>
  </testcase> <!-- payamentSelection -->
  <testcase name="listcompare" time="0.0" classname="testcases.ManageordersPage">
    <ignored/>
  </testcase> <!-- listcompare -->
</testsuite> <!-- ChromeTest -->
